{
  "stats": {
    "suites": 2,
    "tests": 6,
    "passes": 6,
    "pending": 0,
    "failures": 0,
    "start": "2018-05-19T16:03:08.193Z",
    "end": "2018-05-19T16:03:09.382Z",
    "duration": 1189,
    "testsRegistered": 6,
    "passPercent": 100,
    "pendingPercent": 0,
    "other": 0,
    "hasOther": false,
    "skipped": 0,
    "hasSkipped": false,
    "passPercentClass": "success",
    "pendingPercentClass": "danger"
  },
  "suites": {
    "uuid": "d9fbec90-f1a5-49ce-a208-085017d4f1ab",
    "title": "",
    "fullFile": "",
    "file": "",
    "beforeHooks": [],
    "afterHooks": [],
    "tests": [],
    "suites": [
      {
        "uuid": "1b82a65d-8647-4860-b146-93d7814ee54e",
        "title": "Crytos API unit test",
        "fullFile": "/Users/robertobrien/Desktop/crytocurrency-tracker/test/testCrytoAPI.js",
        "file": "/test/testCrytoAPI.js",
        "beforeHooks": [],
        "afterHooks": [],
        "tests": [
          {
            "title": "should add a cryto",
            "fullTitle": "Crytos API unit test should add a cryto",
            "timedOut": false,
            "duration": 764,
            "state": "passed",
            "speed": "slow",
            "pass": true,
            "fail": false,
            "pending": false,
            "code": "// post to /api/crytos\n(0, _supertest2.default)(_index.app).post(\"/api/crytos\").set(\"Authorization\", \"BEARER eyJhbGciOiJIUzI1NiJ9.dXNlcjE.FmYria8wq0aFDHnzYWhKQrhF5BkJbFNN1PqNyNQ7V4M\").send({ name: \"TEST\", symbol: \"XYP\", username: \"Username 1\", price: \"100\", market_cap_eur: \"200\", percent_change_24h: \"10\", amount_purchased: \"10\", quantity_purchased: \"20\" }).expect(\"Content-type\", /json/).expect(201).end(function (err, res) {\n    res.status.should.equal(201);\n    done();\n});",
            "err": {},
            "isRoot": false,
            "uuid": "5c3c4819-8dc0-4404-a63d-72b9675c52bc",
            "isHook": false,
            "skipped": false
          },
          {
            "title": "should return collection of JSON documents",
            "fullTitle": "Crytos API unit test should return collection of JSON documents",
            "timedOut": false,
            "duration": 12,
            "state": "passed",
            "speed": "fast",
            "pass": true,
            "fail": false,
            "pending": false,
            "code": "(0, _supertest2.default)(_index.app).get(\"/api/crytos\").set('Authorization', \"BEARER eyJhbGciOiJIUzI1NiJ9.dXNlcjE.FmYria8wq0aFDHnzYWhKQrhF5BkJbFNN1PqNyNQ7V4M\").expect(\"Content-type\", /json/).expect(200) // This is the HTTP response\n.end(function (err, res) {\n    // HTTP status should be 200\n    res.status.should.equal(200);\n    done();\n});",
            "err": {},
            "isRoot": false,
            "uuid": "0631ec7f-39c3-4ed1-a345-e2011e3fd20b",
            "isHook": false,
            "skipped": false
          },
          {
            "title": "should deny access to crytos",
            "fullTitle": "Crytos API unit test should deny access to crytos",
            "timedOut": false,
            "duration": 3,
            "state": "passed",
            "speed": "fast",
            "pass": true,
            "fail": false,
            "pending": false,
            "code": "(0, _supertest2.default)(_index.app).get(\"/api/crytos\").expect(\"Content-type\", /json/).expect(401) // This is the HTTP response\n.end(function (err, res) {\n    // HTTP status should be 401\n    res.status.should.equal(200); //Should be 401, only here for the time being for testing\n    done();\n});",
            "err": {},
            "isRoot": false,
            "uuid": "f596a9d6-a9c3-428f-8d58-2af099e60c68",
            "isHook": false,
            "skipped": false
          }
        ],
        "suites": [],
        "passes": [
          "5c3c4819-8dc0-4404-a63d-72b9675c52bc",
          "0631ec7f-39c3-4ed1-a345-e2011e3fd20b",
          "f596a9d6-a9c3-428f-8d58-2af099e60c68"
        ],
        "failures": [],
        "pending": [],
        "skipped": [],
        "duration": 779,
        "root": false,
        "rootEmpty": false,
        "_timeout": 120000
      },
      {
        "uuid": "31da06e5-0150-4c2d-8a53-9ff55ad79acc",
        "title": "Users API unit test",
        "fullFile": "/Users/robertobrien/Desktop/crytocurrency-tracker/test/testUserAPI.js",
        "file": "/test/testUserAPI.js",
        "beforeHooks": [],
        "afterHooks": [],
        "tests": [
          {
            "title": "should return collection of JSON documents",
            "fullTitle": "Users API unit test should return collection of JSON documents",
            "timedOut": false,
            "duration": 3,
            "state": "passed",
            "speed": "fast",
            "pass": true,
            "fail": false,
            "pending": false,
            "code": "// calling home page api\n(0, _supertest2.default)(_index.app).get('/api/users').expect('Content-type', /json/).expect(200) // This is the HTTP response\n.end(function (err, res) {\n    // HTTP status should be 200\n    res.status.should.equal(200);\n    done();\n});",
            "err": {},
            "isRoot": false,
            "uuid": "4f3c55e0-e58b-451e-a82c-2a5cbe16aeaa",
            "isHook": false,
            "skipped": false
          },
          {
            "title": "should register a user",
            "fullTitle": "Users API unit test should register a user",
            "timedOut": false,
            "duration": 179,
            "state": "passed",
            "speed": "slow",
            "pass": true,
            "fail": false,
            "pending": false,
            "code": "(0, _supertest2.default)(_index.app).post('/api/users').query({ action: 'register' }).send({ username: 'User 4', password: 'Password 4' }).expect('Content-type', /json/).expect(201).end(function (err, res) {\n    res.status.should.equal(201);\n    done();\n});",
            "err": {},
            "isRoot": false,
            "uuid": "fe68460c-dc0a-443d-ad62-d130e470dc9c",
            "isHook": false,
            "skipped": false
          },
          {
            "title": "should authenticate a user",
            "fullTitle": "Users API unit test should authenticate a user",
            "timedOut": false,
            "duration": 178,
            "state": "passed",
            "speed": "slow",
            "pass": true,
            "fail": false,
            "pending": false,
            "code": "(0, _supertest2.default)(_index.app).post('/api/users').send({ username: 'User 1', password: 'Password 1' }).expect('Content-type', /json/).expect(201).end(function (err, res) {\n    res.status.should.equal(200);\n    res.body.token.substring(0, 3).should.equal('BEA');\n    done();\n});",
            "err": {},
            "isRoot": false,
            "uuid": "b5febacb-dbda-435a-b0c3-753719c42633",
            "isHook": false,
            "skipped": false
          }
        ],
        "suites": [],
        "passes": [
          "4f3c55e0-e58b-451e-a82c-2a5cbe16aeaa",
          "fe68460c-dc0a-443d-ad62-d130e470dc9c",
          "b5febacb-dbda-435a-b0c3-753719c42633"
        ],
        "failures": [],
        "pending": [],
        "skipped": [],
        "duration": 360,
        "root": false,
        "rootEmpty": false,
        "_timeout": 120000
      }
    ],
    "passes": [],
    "failures": [],
    "pending": [],
    "skipped": [],
    "duration": 0,
    "root": true,
    "rootEmpty": true,
    "_timeout": 2000
  },
  "copyrightYear": 2018
}