{
  "stats": {
    "suites": 2,
    "tests": 5,
    "passes": 5,
    "pending": 0,
    "failures": 0,
    "start": "2018-05-21T21:28:43.507Z",
    "end": "2018-05-21T21:28:44.783Z",
    "duration": 1276,
    "testsRegistered": 5,
    "passPercent": 100,
    "pendingPercent": 0,
    "other": 0,
    "hasOther": false,
    "skipped": 0,
    "hasSkipped": false,
    "passPercentClass": "success",
    "pendingPercentClass": "danger"
  },
  "suites": {
    "uuid": "c4720d50-d0bf-47c9-85cb-5a2cdc4c27cb",
    "title": "",
    "fullFile": "",
    "file": "",
    "beforeHooks": [],
    "afterHooks": [],
    "tests": [],
    "suites": [
      {
        "uuid": "87e6dd07-7910-475c-89d2-723103c1ac3d",
        "title": "Crytos API unit test",
        "fullFile": "/Users/robertobrien/Desktop/crytocurrency-tracker/src/test/testCrytoAPI.js",
        "file": "/src/test/testCrytoAPI.js",
        "beforeHooks": [],
        "afterHooks": [],
        "tests": [
          {
            "title": "should add a cryto",
            "fullTitle": "Crytos API unit test should add a cryto",
            "timedOut": false,
            "duration": 794,
            "state": "passed",
            "speed": "slow",
            "pass": true,
            "fail": false,
            "pending": false,
            "code": "(0, _supertest2.default)(_index.app).post(\"/api/crytos\").set(\"Authorization\", \"BEARER eyJhbGciOiJIUzI1NiJ9.dXNlcjE.FmYria8wq0aFDHnzYWhKQrhF5BkJbFNN1PqNyNQ7V4M\").send({\n    name: \"TEST\",\n    symbol: \"XYP\",\n    username: \"Username 1\",\n    price: \"100\",\n    market_cap_eur: \"200\",\n    percent_change_24h: \"10\",\n    amount_purchased: \"10\",\n    quantity_purchased: \"20\"\n}).expect(\"Content-type\", /json/).expect(201).end(function (err, res) {\n    res.status.should.equal(201);\n    done();\n});",
            "err": {},
            "isRoot": false,
            "uuid": "83907db0-c741-4569-854e-2beb3afe185a",
            "isHook": false,
            "skipped": false
          },
          {
            "title": "should return collection of JSON documents",
            "fullTitle": "Crytos API unit test should return collection of JSON documents",
            "timedOut": false,
            "duration": 13,
            "state": "passed",
            "speed": "fast",
            "pass": true,
            "fail": false,
            "pending": false,
            "code": "(0, _supertest2.default)(_index.app).get(\"/api/crytos\").set('Authorization', \"BEARER eyJhbGciOiJIUzI1NiJ9.dXNlcjE.FmYria8wq0aFDHnzYWhKQrhF5BkJbFNN1PqNyNQ7V4M\").expect(\"Content-type\", /json/).expect(200) // This is the HTTP response\n.end(function (err, res) {\n    // HTTP status should be 200\n    res.status.should.equal(200);\n    done();\n});",
            "err": {},
            "isRoot": false,
            "uuid": "7e74dcec-48d0-4e13-a616-d432ebd2eea0",
            "isHook": false,
            "skipped": false
          }
        ],
        "suites": [],
        "passes": [
          "83907db0-c741-4569-854e-2beb3afe185a",
          "7e74dcec-48d0-4e13-a616-d432ebd2eea0"
        ],
        "failures": [],
        "pending": [],
        "skipped": [],
        "duration": 807,
        "root": false,
        "rootEmpty": false,
        "_timeout": 120000
      },
      {
        "uuid": "46483ff0-35ad-4b6b-a4b8-d941c5162cab",
        "title": "Users API unit test",
        "fullFile": "/Users/robertobrien/Desktop/crytocurrency-tracker/src/test/testUserAPI.js",
        "file": "/src/test/testUserAPI.js",
        "beforeHooks": [],
        "afterHooks": [],
        "tests": [
          {
            "title": "should return collection of JSON documents",
            "fullTitle": "Users API unit test should return collection of JSON documents",
            "timedOut": false,
            "duration": 5,
            "state": "passed",
            "speed": "fast",
            "pass": true,
            "fail": false,
            "pending": false,
            "code": "// calling home page api\n(0, _supertest2.default)(_index.app).get('/api/users').expect('Content-type', /json/).expect(200) // This is the HTTP response\n.end(function (err, res) {\n    // HTTP status should be 200\n    res.status.should.equal(200);\n    done();\n});",
            "err": {},
            "isRoot": false,
            "uuid": "6b8595b3-6f64-448e-941b-3afc92b422a4",
            "isHook": false,
            "skipped": false
          },
          {
            "title": "should register a user",
            "fullTitle": "Users API unit test should register a user",
            "timedOut": false,
            "duration": 191,
            "state": "passed",
            "speed": "slow",
            "pass": true,
            "fail": false,
            "pending": false,
            "code": "(0, _supertest2.default)(_index.app).post('/api/users').query({ action: 'register' }).send({ username: 'User 4', password: 'Password 4' }).expect('Content-type', /json/).expect(201).end(function (err, res) {\n    res.status.should.equal(201);\n    done();\n});",
            "err": {},
            "isRoot": false,
            "uuid": "4f9a4add-abc2-4c29-9f74-29096f63d520",
            "isHook": false,
            "skipped": false
          },
          {
            "title": "should authenticate a user",
            "fullTitle": "Users API unit test should authenticate a user",
            "timedOut": false,
            "duration": 187,
            "state": "passed",
            "speed": "slow",
            "pass": true,
            "fail": false,
            "pending": false,
            "code": "(0, _supertest2.default)(_index.app).post('/api/users').send({ username: 'User 1', password: 'Password 1' }).expect('Content-type', /json/).expect(201).end(function (err, res) {\n    res.status.should.equal(200);\n    res.body.token.substring(0, 3).should.equal('BEA');\n    done();\n});",
            "err": {},
            "isRoot": false,
            "uuid": "1b0381bd-8f59-446e-a58f-854037b5da0d",
            "isHook": false,
            "skipped": false
          }
        ],
        "suites": [],
        "passes": [
          "6b8595b3-6f64-448e-941b-3afc92b422a4",
          "4f9a4add-abc2-4c29-9f74-29096f63d520",
          "1b0381bd-8f59-446e-a58f-854037b5da0d"
        ],
        "failures": [],
        "pending": [],
        "skipped": [],
        "duration": 383,
        "root": false,
        "rootEmpty": false,
        "_timeout": 120000
      }
    ],
    "passes": [],
    "failures": [],
    "pending": [],
    "skipped": [],
    "duration": 0,
    "root": true,
    "rootEmpty": true,
    "_timeout": 2000
  },
  "copyrightYear": 2018
}