{
  "stats": {
    "suites": 2,
    "tests": 5,
    "passes": 5,
    "pending": 0,
    "failures": 0,
    "start": "2018-05-21T20:48:14.752Z",
    "end": "2018-05-21T20:48:16.319Z",
    "duration": 1567,
    "testsRegistered": 5,
    "passPercent": 100,
    "pendingPercent": 0,
    "other": 0,
    "hasOther": false,
    "skipped": 0,
    "hasSkipped": false,
    "passPercentClass": "success",
    "pendingPercentClass": "danger"
  },
  "suites": {
    "uuid": "146311ee-dda2-4771-8773-53284fe2f9df",
    "title": "",
    "fullFile": "",
    "file": "",
    "beforeHooks": [],
    "afterHooks": [],
    "tests": [],
    "suites": [
      {
        "uuid": "2d84fc32-3460-4710-a658-305218c72864",
        "title": "Crytos API unit test",
        "fullFile": "/Users/robertobrien/Desktop/crytocurrency-tracker/src/test/testCrytoAPI.js",
        "file": "/src/test/testCrytoAPI.js",
        "beforeHooks": [],
        "afterHooks": [],
        "tests": [
          {
            "title": "should add a cryto",
            "fullTitle": "Crytos API unit test should add a cryto",
            "timedOut": false,
            "duration": 1146,
            "state": "passed",
            "speed": "slow",
            "pass": true,
            "fail": false,
            "pending": false,
            "code": "(0, _supertest2.default)(_index.app).post(\"/api/crytos\").set(\"Authorization\", \"BEARER eyJhbGciOiJIUzI1NiJ9.dXNlcjE.FmYria8wq0aFDHnzYWhKQrhF5BkJbFNN1PqNyNQ7V4M\").send({ name: \"TEST\", symbol: \"XYP\", username: \"Username 1\", price: \"100\", market_cap_eur: \"200\", percent_change_24h: \"10\", amount_purchased: \"10\", quantity_purchased: \"20\" }).expect(\"Content-type\", /json/).expect(201).end(function (err, res) {\n    res.status.should.equal(201);\n    done();\n});",
            "err": {},
            "isRoot": false,
            "uuid": "f486fb14-2be8-48c2-b86d-16c2baa41085",
            "isHook": false,
            "skipped": false
          },
          {
            "title": "should return collection of JSON documents",
            "fullTitle": "Crytos API unit test should return collection of JSON documents",
            "timedOut": false,
            "duration": 13,
            "state": "passed",
            "speed": "fast",
            "pass": true,
            "fail": false,
            "pending": false,
            "code": "(0, _supertest2.default)(_index.app).get(\"/api/crytos\").set('Authorization', \"BEARER eyJhbGciOiJIUzI1NiJ9.dXNlcjE.FmYria8wq0aFDHnzYWhKQrhF5BkJbFNN1PqNyNQ7V4M\").expect(\"Content-type\", /json/).expect(200) // This is the HTTP response\n.end(function (err, res) {\n    // HTTP status should be 200\n    res.status.should.equal(200);\n    done();\n});",
            "err": {},
            "isRoot": false,
            "uuid": "fc2aa1f5-55a0-41b2-b7fd-55c8c212a738",
            "isHook": false,
            "skipped": false
          }
        ],
        "suites": [],
        "passes": [
          "f486fb14-2be8-48c2-b86d-16c2baa41085",
          "fc2aa1f5-55a0-41b2-b7fd-55c8c212a738"
        ],
        "failures": [],
        "pending": [],
        "skipped": [],
        "duration": 1159,
        "root": false,
        "rootEmpty": false,
        "_timeout": 120000
      },
      {
        "uuid": "eb566792-4ba3-47a1-8d22-1cffd9152193",
        "title": "Users API unit test",
        "fullFile": "/Users/robertobrien/Desktop/crytocurrency-tracker/src/test/testUserAPI.js",
        "file": "/src/test/testUserAPI.js",
        "beforeHooks": [],
        "afterHooks": [],
        "tests": [
          {
            "title": "should return collection of JSON documents",
            "fullTitle": "Users API unit test should return collection of JSON documents",
            "timedOut": false,
            "duration": 4,
            "state": "passed",
            "speed": "fast",
            "pass": true,
            "fail": false,
            "pending": false,
            "code": "// calling home page api\n(0, _supertest2.default)(_index.app).get('/api/users').expect('Content-type', /json/).expect(200) // This is the HTTP response\n.end(function (err, res) {\n    // HTTP status should be 200\n    res.status.should.equal(200);\n    done();\n});",
            "err": {},
            "isRoot": false,
            "uuid": "405a2bb2-ead8-4417-b087-3860c83c591d",
            "isHook": false,
            "skipped": false
          },
          {
            "title": "should register a user",
            "fullTitle": "Users API unit test should register a user",
            "timedOut": false,
            "duration": 180,
            "state": "passed",
            "speed": "slow",
            "pass": true,
            "fail": false,
            "pending": false,
            "code": "(0, _supertest2.default)(_index.app).post('/api/users').query({ action: 'register' }).send({ username: 'User 4', password: 'Password 4' }).expect('Content-type', /json/).expect(201).end(function (err, res) {\n    res.status.should.equal(201);\n    done();\n});",
            "err": {},
            "isRoot": false,
            "uuid": "aa5cf941-d23b-401e-bc3e-6c079fea7cc5",
            "isHook": false,
            "skipped": false
          },
          {
            "title": "should authenticate a user",
            "fullTitle": "Users API unit test should authenticate a user",
            "timedOut": false,
            "duration": 182,
            "state": "passed",
            "speed": "slow",
            "pass": true,
            "fail": false,
            "pending": false,
            "code": "(0, _supertest2.default)(_index.app).post('/api/users').send({ username: 'User 1', password: 'Password 1' }).expect('Content-type', /json/).expect(201).end(function (err, res) {\n    res.status.should.equal(200);\n    res.body.token.substring(0, 3).should.equal('BEA');\n    done();\n});",
            "err": {},
            "isRoot": false,
            "uuid": "6d201e0b-5c60-4942-8e13-fe651bfaa2aa",
            "isHook": false,
            "skipped": false
          }
        ],
        "suites": [],
        "passes": [
          "405a2bb2-ead8-4417-b087-3860c83c591d",
          "aa5cf941-d23b-401e-bc3e-6c079fea7cc5",
          "6d201e0b-5c60-4942-8e13-fe651bfaa2aa"
        ],
        "failures": [],
        "pending": [],
        "skipped": [],
        "duration": 366,
        "root": false,
        "rootEmpty": false,
        "_timeout": 120000
      }
    ],
    "passes": [],
    "failures": [],
    "pending": [],
    "skipped": [],
    "duration": 0,
    "root": true,
    "rootEmpty": true,
    "_timeout": 2000
  },
  "copyrightYear": 2018
}